android/app/build/intermediates/manifest_merge_blame_file/debug/manifest-merger-blame-debug-report.txt
1<?xml version="1.0" encoding="utf-8"?>
2<manifest xmlns:android="http://schemas.android.com/apk/res/android"
3    package="com.firstapp"
4    android:versionCode="1"
5    android:versionName="1.0" >
6
7    <uses-sdk
8        android:minSdkVersion="21"
9        android:targetSdkVersion="29" />
10
11    <uses-permission android:name="android.permission.SYSTEM_ALERT_WINDOW" />
11-->src/debug/AndroidManifest.xml:5:5-77
11-->src/debug/AndroidManifest.xml:5:22-75
12    <uses-permission android:name="android.permission.INTERNET" />
12-->src/main/AndroidManifest.xml:4:5-67
12-->src/main/AndroidManifest.xml:4:22-64
13    <uses-permission android:name="android.permission.WRITE_EXTERNAL_STORAGE" />
13-->src/main/AndroidManifest.xml:5:5-81
13-->src/main/AndroidManifest.xml:5:22-78
14    <uses-permission android:name="android.permission.RECORD_AUDIO" />
14-->src/main/AndroidManifest.xml:6:5-71
14-->src/main/AndroidManifest.xml:6:22-68
15    <uses-permission android:name="android.permission.ACCESS_WIFI_STATE" />
15-->[com.facebook.flipper:flipper:0.75.1] AndroidManifest.xml:16:5-76
15-->[com.facebook.flipper:flipper:0.75.1] AndroidManifest.xml:16:22-73
16
17    <application
17-->src/main/AndroidManifest.xml:8:5-32:19
18        android:name="com.firstapp.MainApplication"
18-->src/main/AndroidManifest.xml:9:7-38
19        android:allowBackup="false"
19-->src/main/AndroidManifest.xml:13:7-34
20        android:appComponentFactory="androidx.core.app.CoreComponentFactory"
20-->[androidx.core:core:1.1.0] AndroidManifest.xml:24:18-86
21        android:debuggable="true"
22        android:icon="@mipmap/ic_launcher"
22-->src/main/AndroidManifest.xml:11:7-41
23        android:label="@string/app_name"
23-->src/main/AndroidManifest.xml:10:7-39
24        android:largeHeap="true"
24-->src/main/AndroidManifest.xml:14:7-31
25        android:roundIcon="@mipmap/ic_launcher_round"
25-->src/main/AndroidManifest.xml:12:7-52
26        android:testOnly="true"
27        android:theme="@style/AppTheme"
27-->src/main/AndroidManifest.xml:16:7-38
28        android:usesCleartextTraffic="true" >
28-->src/main/AndroidManifest.xml:15:7-42
29        <activity android:name="com.facebook.react.devsupport.DevSettingsActivity" />
29-->src/debug/AndroidManifest.xml:11:9-86
29-->src/debug/AndroidManifest.xml:11:19-83
30
31        <meta-data
32            android:name="pdftron_license_key"
33            android:value="" />
34
35        <activity
35-->src/main/AndroidManifest.xml:20:7-31:18
36            android:name="com.firstapp.MainActivity"
36-->src/main/AndroidManifest.xml:21:9-37
37            android:configChanges="keyboard|keyboardHidden|orientation|screenSize|uiMode"
37-->src/main/AndroidManifest.xml:23:9-86
38            android:label="@string/app_name"
38-->src/main/AndroidManifest.xml:22:9-41
39            android:launchMode="singleTask"
39-->src/main/AndroidManifest.xml:24:9-40
40            android:theme="@style/PDFTronAppTheme"
40-->src/main/AndroidManifest.xml:26:9-47
41            android:windowSoftInputMode="adjustPan" >
41-->src/main/AndroidManifest.xml:25:9-48
42            <intent-filter>
42-->src/main/AndroidManifest.xml:27:9-30:25
43                <action android:name="android.intent.action.MAIN" />
43-->src/main/AndroidManifest.xml:28:13-65
43-->src/main/AndroidManifest.xml:28:21-62
44
45                <category android:name="android.intent.category.LAUNCHER" />
45-->src/main/AndroidManifest.xml:29:13-73
45-->src/main/AndroidManifest.xml:29:23-70
46            </intent-filter>
47        </activity>
48
49        <provider
49-->[com.pdftron:tools:9.0.2-beta10] AndroidManifest.xml:11:9-14:40
50            android:name="com.pdftron.pdf.utils.PDFTronToolsInitializer"
50-->[com.pdftron:tools:9.0.2-beta10] AndroidManifest.xml:12:13-73
51            android:authorities="com.firstapp.pdftron-tools"
51-->[com.pdftron:tools:9.0.2-beta10] AndroidManifest.xml:13:13-65
52            android:exported="false" />
52-->[com.pdftron:tools:9.0.2-beta10] AndroidManifest.xml:14:13-37
53        <provider
53-->[com.pdftron:tools:9.0.2-beta10] AndroidManifest.xml:19:9-27:20
54            android:name="com.pdftron.pdf.utils.ShareProvider"
54-->[com.pdftron:tools:9.0.2-beta10] AndroidManifest.xml:20:13-63
55            android:authorities="com.firstapp.pdftron.fileprovider"
55-->[com.pdftron:tools:9.0.2-beta10] AndroidManifest.xml:21:13-72
56            android:exported="false"
56-->[com.pdftron:tools:9.0.2-beta10] AndroidManifest.xml:22:13-37
57            android:grantUriPermissions="true" >
57-->[com.pdftron:tools:9.0.2-beta10] AndroidManifest.xml:23:13-47
58            <meta-data
58-->[com.pdftron:tools:9.0.2-beta10] AndroidManifest.xml:24:13-26:66
59                android:name="android.support.FILE_PROVIDER_PATHS"
59-->[com.pdftron:tools:9.0.2-beta10] AndroidManifest.xml:25:17-67
60                android:resource="@xml/pdftron_provider_paths" />
60-->[com.pdftron:tools:9.0.2-beta10] AndroidManifest.xml:26:17-63
61        </provider>
62
63        <service
63-->[androidx.room:room-runtime:2.2.5] AndroidManifest.xml:25:9-28:40
64            android:name="androidx.room.MultiInstanceInvalidationService"
64-->[androidx.room:room-runtime:2.2.5] AndroidManifest.xml:26:13-74
65            android:directBootAware="true"
65-->[androidx.room:room-runtime:2.2.5] AndroidManifest.xml:27:13-43
66            android:exported="false" />
66-->[androidx.room:room-runtime:2.2.5] AndroidManifest.xml:28:13-37
67
68        <provider
68-->[com.squareup.picasso:picasso:2.71828] AndroidManifest.xml:8:9-11:40
69            android:name="com.squareup.picasso.PicassoProvider"
69-->[com.squareup.picasso:picasso:2.71828] AndroidManifest.xml:9:13-64
70            android:authorities="com.firstapp.com.squareup.picasso"
70-->[com.squareup.picasso:picasso:2.71828] AndroidManifest.xml:10:13-72
71            android:exported="false" />
71-->[com.squareup.picasso:picasso:2.71828] AndroidManifest.xml:11:13-37
72        <provider
72-->[androidx.lifecycle:lifecycle-process:2.1.0] AndroidManifest.xml:23:9-27:43
73            android:name="androidx.lifecycle.ProcessLifecycleOwnerInitializer"
73-->[androidx.lifecycle:lifecycle-process:2.1.0] AndroidManifest.xml:24:13-79
74            android:authorities="com.firstapp.lifecycle-process"
74-->[androidx.lifecycle:lifecycle-process:2.1.0] AndroidManifest.xml:25:13-69
75            android:exported="false"
75-->[androidx.lifecycle:lifecycle-process:2.1.0] AndroidManifest.xml:26:13-37
76            android:multiprocess="true" />
76-->[androidx.lifecycle:lifecycle-process:2.1.0] AndroidManifest.xml:27:13-40
77    </application>
78
79</manifest>